<?xml version="1.0" encoding="UTF-8"?>
<!-- Generated by org.testng.reporters.JUnitXMLReporter -->
<testsuite ignored="2" hostname="RGDevice" failures="5" tests="5" name="Test" time="0.092" errors="0" timestamp="2024-10-05T17:16:35 IST">
  <testcase classname="Tests.LoginPageTest" name="check_title" time="0.014">
    <failure type="java.lang.NullPointerException" message="Cannot invoke &amp;quot;Pages.LoginPage.getpagetitle()&amp;quot; because &amp;quot;this.loginpage&amp;quot; is null">
      <![CDATA[java.lang.NullPointerException: Cannot invoke "Pages.LoginPage.getpagetitle()" because "this.loginpage" is null
at Tests.LoginPageTest.check_title(LoginPageTest.java:32)
at java.base/java.util.ArrayList.forEach(ArrayList.java:1511)
... Removed 25 stack frames]]>
    </failure>
  </testcase> <!-- check_title -->
  <testcase classname="Tests.LoginPageTest" name="check_logo" time="0.001">
    <failure type="java.lang.NullPointerException" message="Cannot invoke &amp;quot;Pages.LoginPage.amazon_logo()&amp;quot; because &amp;quot;this.loginpage&amp;quot; is null">
      <![CDATA[java.lang.NullPointerException: Cannot invoke "Pages.LoginPage.amazon_logo()" because "this.loginpage" is null
at Tests.LoginPageTest.check_logo(LoginPageTest.java:38)
at java.base/java.util.ArrayList.forEach(ArrayList.java:1511)
... Removed 25 stack frames]]>
    </failure>
  </testcase> <!-- check_logo -->
  <testcase classname="Tests.DashboardPageTest" name="get_title" time="0.002">
    <failure type="java.lang.NullPointerException" message="Cannot invoke &amp;quot;Pages.DashboardPage.get_page_title()&amp;quot; because &amp;quot;this.dashboardpage&amp;quot; is null">
      <![CDATA[java.lang.NullPointerException: Cannot invoke "Pages.DashboardPage.get_page_title()" because "this.dashboardpage" is null
at Tests.DashboardPageTest.get_title(DashboardPageTest.java:41)
at java.base/java.util.ArrayList.forEach(ArrayList.java:1511)
... Removed 25 stack frames]]>
    </failure>
  </testcase> <!-- get_title -->
  <testcase classname="Tests.DashboardPageTest" name="check_logo" time="0.002">
    <failure type="java.lang.NullPointerException" message="Cannot invoke &amp;quot;Pages.DashboardPage.verify_dashboard_logo()&amp;quot; because &amp;quot;this.dashboardpage&amp;quot; is null">
      <![CDATA[java.lang.NullPointerException: Cannot invoke "Pages.DashboardPage.verify_dashboard_logo()" because "this.dashboardpage" is null
at Tests.DashboardPageTest.check_logo(DashboardPageTest.java:47)
at java.base/java.util.ArrayList.forEach(ArrayList.java:1511)
... Removed 25 stack frames]]>
    </failure>
  </testcase> <!-- check_logo -->
  <testcase classname="Tests.DashboardPageTest" name="get_elements" time="0.002">
    <failure type="java.lang.NullPointerException" message="Cannot invoke &amp;quot;Pages.DashboardPage.dash_pg_navbar()&amp;quot; because &amp;quot;this.dashboardpage&amp;quot; is null">
      <![CDATA[java.lang.NullPointerException: Cannot invoke "Pages.DashboardPage.dash_pg_navbar()" because "this.dashboardpage" is null
at Tests.DashboardPageTest.get_elements(DashboardPageTest.java:55)
at java.base/java.util.ArrayList.forEach(ArrayList.java:1511)
... Removed 25 stack frames]]>
    </failure>
  </testcase> <!-- get_elements -->
  <testcase classname="Tests.DashboardPageTest" name="search_products" time="0.0">
    <ignored/>
  </testcase> <!-- search_products -->
  <testcase classname="Tests.LoginPageTest" name="login" time="0.0">
    <ignored/>
  </testcase> <!-- login -->
</testsuite> <!-- Test -->
