<?xml version="1.0" encoding="UTF-8"?>
<!-- Generated by org.testng.reporters.JUnitXMLReporter -->
<testsuite ignored="1" hostname="RGDevice" failures="0" tests="1" name="Default test(failed)" time="11.856" errors="0" timestamp="2024-10-02T18:52:54 IST">
  <testcase classname="Tests.DashboardPageTest" name="check_logo" time="0.381"/>
  <testcase classname="Tests.DashboardPageTest" name="get_title" time="0.0">
    <ignored/>
  </testcase> <!-- get_title -->
</testsuite> <!-- Default test(failed) -->
