<?xml version="1.0" encoding="UTF-8"?>
<!-- Generated by org.testng.reporters.JUnitXMLReporter -->
<testsuite ignored="0" hostname="RGDevice" failures="0" tests="3" name="Default test" time="17.652" errors="0" timestamp="2024-10-25T18:28:37 IST">
  <testcase classname="Tests.LoginPageTest" name="check_title" time="0.026"/>
  <testcase classname="Tests.LoginPageTest" name="check_logo" time="0.08"/>
  <testcase classname="Tests.LoginPageTest" name="login" time="1.201"/>
</testsuite> <!-- Default test -->
