<?xml version="1.0" encoding="UTF-8"?>
<!-- Generated by org.testng.reporters.JUnitXMLReporter -->
<testsuite ignored="0" hostname="RGDevice" failures="0" tests="4" name="Default test" time="13.574" errors="0" timestamp="2024-11-17T17:52:13 IST">
  <testcase classname="Tests.LoginPageTest" name="check_title" time="0.047"/>
  <testcase classname="Tests.LoginPageTest" name="check_logo" time="0.133"/>
  <testcase classname="Tests.LoginPageTest" name="login" time="1.941"/>
  <testcase classname="Tests.LoginPageTest" name="verify_createaccount_option" time="0.048"/>
</testsuite> <!-- Default test -->
