<?xml version="1.0" encoding="UTF-8"?>
<!-- Generated by org.testng.reporters.JUnitXMLReporter -->
<testsuite ignored="1" hostname="RGDevice" failures="0" tests="18" name="Implementation with Listners" time="154.26" errors="0" timestamp="2024-10-21T16:37:30 IST">
  <testcase classname="Tests.LoginPageTest" name="check_title" time="0.027"/>
  <testcase classname="Tests.LoginPageTest" name="check_logo" time="0.081"/>
  <testcase classname="Tests.LoginPageTest" name="login" time="1.167"/>
  <testcase classname="Tests.DashboardPageTest" name="get_title" time="2.748"/>
  <testcase classname="Tests.DashboardPageTest" name="check_logo" time="2.838"/>
  <testcase classname="Tests.DashboardPageTest" name="get_elements" time="2.57"/>
  <testcase classname="Tests.DashboardPageTest" name="search_products" time="6.801"/>
  <testcase classname="Tests.DashboardPageTest" name="check_user_name" time="3.423"/>
  <testcase classname="Tests.ProductDetailsPageTest" name="check_title_page" time="5.081"/>
  <testcase classname="Tests.ProductDetailsPageTest" name="verify_productdetailscreen" time="5.309"/>
  <testcase classname="Tests.ShoppingCardPageTest" name="Verify_title_of_page" time="4.001"/>
  <testcase classname="Tests.ShoppingCardPageTest" name="check_page" time="4.948"/>
  <testcase classname="Tests.ShoppingCardPageTest" name="list_of_items" time="4.35"/>
  <testcase classname="Tests.ShoppingCardPageTest" name="do_checkout" time="12.521"/>
  <testcase classname="Tests.YourOrdersPageTest" name="check_title" time="4.484"/>
  <testcase classname="Tests.YourOrdersPageTest" name="check_page" time="4.346"/>
  <testcase classname="Tests.YourOrdersPageTest" name="get_yourorders_options" time="9.025"/>
  <testcase classname="Tests.YourOrdersPageTest" name="check_path" time="9.24"/>
  <testcase classname="Tests.ShoppingCardPageTest" name="add_product" time="0.0">
    <ignored/>
  </testcase> <!-- add_product -->
</testsuite> <!-- Implementation with Listners -->
