<?xml version="1.0" encoding="UTF-8"?>
<!-- Generated by org.testng.reporters.JUnitXMLReporter -->
<testsuite ignored="0" hostname="RGDevice" failures="1" tests="3" name="Implementation with Listners" time="10.545" errors="0" timestamp="2024-10-27T11:57:39 IST">
  <testcase classname="Tests.LoginPageTest" name="check_title" time="0.044"/>
  <testcase classname="Tests.LoginPageTest" name="check_logo" time="0.065">
    <failure type="java.lang.AssertionError" message="Logo is not displayed expected [false] but found [true]">
      <![CDATA[java.lang.AssertionError: Logo is not displayed expected [false] but found [true]
at Tests.LoginPageTest.check_logo(LoginPageTest.java:39)
at java.base/java.util.ArrayList.forEach(ArrayList.java:1511)
... Removed 28 stack frames]]>
    </failure>
  </testcase> <!-- check_logo -->
  <testcase classname="Tests.LoginPageTest" name="login" time="1.188"/>
</testsuite> <!-- Implementation with Listners -->
