<?xml version="1.0" encoding="UTF-8"?>
<!-- Generated by org.testng.reporters.JUnitXMLReporter -->
<testsuite ignored="6" hostname="RGDevice" failures="1" tests="1" name="Test" time="0.076" errors="0" timestamp="2024-10-05T17:23:00 IST">
  <testcase classname="Tests.DashboardPageTest" name="search_products" time="0.025">
    <failure type="java.lang.NullPointerException" message="Cannot invoke &amp;quot;Pages.DashboardPage.search_product(String)&amp;quot; because &amp;quot;this.dashboardpage&amp;quot; is null">
      <![CDATA[java.lang.NullPointerException: Cannot invoke "Pages.DashboardPage.search_product(String)" because "this.dashboardpage" is null
at Tests.DashboardPageTest.search_products(DashboardPageTest.java:61)
at java.base/java.util.ArrayList.forEach(ArrayList.java:1511)
... Removed 25 stack frames]]>
    </failure>
  </testcase> <!-- search_products -->
  <testcase classname="Tests.LoginPageTest" name="check_logo" time="0.0">
    <ignored/>
  </testcase> <!-- check_logo -->
  <testcase classname="Tests.DashboardPageTest" name="check_logo" time="0.0">
    <ignored/>
  </testcase> <!-- check_logo -->
  <testcase classname="Tests.LoginPageTest" name="check_title" time="0.0">
    <ignored/>
  </testcase> <!-- check_title -->
  <testcase classname="Tests.DashboardPageTest" name="get_elements" time="0.0">
    <ignored/>
  </testcase> <!-- get_elements -->
  <testcase classname="Tests.DashboardPageTest" name="get_title" time="0.0">
    <ignored/>
  </testcase> <!-- get_title -->
  <testcase classname="Tests.LoginPageTest" name="login" time="0.0">
    <ignored/>
  </testcase> <!-- login -->
</testsuite> <!-- Test -->
