<?xml version="1.0" encoding="UTF-8"?>
<!-- Generated by org.testng.reporters.JUnitXMLReporter -->
<testsuite ignored="9" hostname="RGDevice" failures="1" tests="20" name="All_Test" time="237.102" errors="0" timestamp="2024-11-15T21:04:57 IST">
  <testcase classname="Tests.LoginPageTest" name="check_title" time="0.049"/>
  <testcase classname="Tests.LoginPageTest" name="check_logo" time="0.154"/>
  <testcase classname="Tests.LoginPageTest" name="login" time="3.357"/>
  <testcase classname="Tests.LoginPageTest" name="verify_createaccount_option" time="0.049"/>
  <testcase classname="Tests.DashboardPageTest" name="get_title" time="4.11"/>
  <testcase classname="Tests.DashboardPageTest" name="check_logo" time="9.615">
    <failure type="java.lang.AssertionError" message="expected [31] but found [50]">
      <![CDATA[java.lang.AssertionError: expected [31] but found [50]
at Pages.DashboardPage.verify_dashboard_logo(DashboardPage.java:64)
at Tests.DashboardPageTest.check_logo(DashboardPageTest.java:55)
at java.base/java.util.ArrayList.forEach(ArrayList.java:1511)
... Removed 31 stack frames]]>
    </failure>
  </testcase> <!-- check_logo -->
  <testcase classname="Tests.DashboardPageTest" name="get_elements" time="3.686"/>
  <testcase classname="Tests.DashboardPageTest" name="search_products" time="6.761"/>
  <testcase classname="Tests.DashboardPageTest" name="check_user_name" time="4.793"/>
  <testcase classname="Tests.ProductDetailsPageTest" name="check_title_page" time="6.491"/>
  <testcase classname="Tests.ProductDetailsPageTest" name="verify_productdetailscreen" time="5.516"/>
  <testcase classname="Tests.ProductDetailsPageTest" name="about_product" time="5.994"/>
  <testcase classname="Tests.ShoppingCardPageTest" name="Verify_title_of_page" time="5.775"/>
  <testcase classname="Tests.ShoppingCardPageTest" name="check_page" time="4.879"/>
  <testcase classname="Tests.ShoppingCardPageTest" name="list_of_items" time="5.302"/>
  <testcase classname="Tests.ShoppingCardPageTest" name="do_checkout" time="13.549"/>
  <testcase classname="Tests.YourOrdersPageTest" name="check_title" time="6.888"/>
  <testcase classname="Tests.YourOrdersPageTest" name="check_page" time="4.923"/>
  <testcase classname="Tests.YourOrdersPageTest" name="get_yourorders_options" time="12.218"/>
  <testcase classname="Tests.YourOrdersPageTest" name="check_path" time="11.464"/>
  <testcase classname="BaseTest.Base_Test" name="@AfterSuite tearDownReport" time="0.0">
    <ignored/>
  </testcase> <!-- @AfterSuite tearDownReport -->
  <testcase classname="BaseTest.Base_Test" name="@AfterSuite tearDownReport" time="0.0">
    <ignored/>
  </testcase> <!-- @AfterSuite tearDownReport -->
  <testcase classname="BaseTest.Base_Test" name="@AfterSuite tearDownReport" time="0.0">
    <ignored/>
  </testcase> <!-- @AfterSuite tearDownReport -->
  <testcase classname="BaseTest.Base_Test" name="@AfterSuite tearDownReport" time="0.0">
    <ignored/>
  </testcase> <!-- @AfterSuite tearDownReport -->
  <testcase classname="BaseTest.Base_Test" name="@BeforeSuite setupReport" time="0.0">
    <ignored/>
  </testcase> <!-- @BeforeSuite setupReport -->
  <testcase classname="BaseTest.Base_Test" name="@BeforeSuite setupReport" time="0.0">
    <ignored/>
  </testcase> <!-- @BeforeSuite setupReport -->
  <testcase classname="BaseTest.Base_Test" name="@BeforeSuite setupReport" time="0.0">
    <ignored/>
  </testcase> <!-- @BeforeSuite setupReport -->
  <testcase classname="BaseTest.Base_Test" name="@BeforeSuite setupReport" time="0.0">
    <ignored/>
  </testcase> <!-- @BeforeSuite setupReport -->
  <testcase classname="Tests.ShoppingCardPageTest" name="add_product" time="0.0">
    <ignored/>
  </testcase> <!-- add_product -->
</testsuite> <!-- All_Test -->
